/*C4*/SET SCHEMA PUBLIC
DISCONNECT
/*C5*/SET SCHEMA PUBLIC
INSERT INTO DOCUMENTOCOMERCIAL VALUES('Pedido','ff80818194b6b49c0194b6b596590000',2025,'2025-01-30',4,'',1,NULL,0.00,0.00,21,1,FALSE,FALSE)
INSERT INTO DOCUMENTOCOMERCIAL_DETALLES VALUES('ff80818194b6b49c0194b6b596590000',333,11,1.00)
COMMIT
INSERT INTO DOCUMENTOCOMERCIAL VALUES('Pedido','ff80818194b6b49c0194b6b5d0ac0001',2025,'2025-01-30',5,'',1,NULL,4432.23,769.23,21,1,TRUE,FALSE)
INSERT INTO DOCUMENTOCOMERCIAL_DETALLES VALUES('ff80818194b6b49c0194b6b5d0ac0001',333,45,11.00)
COMMIT
DELETE FROM DOCUMENTOCOMERCIAL WHERE OID='ff80818194b6b49c0194b6b596590000'
INSERT INTO DOCUMENTOCOMERCIAL VALUES('Pedido','ff80818194b6b49c0194b6b596590000',2025,'2025-01-30',4,'',1,NULL,402.93,69.93,21,1,FALSE,FALSE)
COMMIT
DELETE FROM DOCUMENTOCOMERCIAL WHERE OID='ff80818194b6b49c0194b6b596590000'
INSERT INTO DOCUMENTOCOMERCIAL VALUES('Pedido','ff80818194b6b49c0194b6b596590000',2025,'2025-01-30',4,'',1,NULL,402.93,69.93,21,1,TRUE,FALSE)
DELETE FROM DOCUMENTOCOMERCIAL_DETALLES WHERE DOCUMENTOCOMERCIAL_OID='ff80818194b6b49c0194b6b596590000' AND CANTIDAD=333 AND PRODUCTO_NUMERO=11 AND PRECIOPORUNIDAD=1.00
INSERT INTO DOCUMENTOCOMERCIAL_DETALLES VALUES('ff80818194b6b49c0194b6b596590000',333,11,1.00)
COMMIT
INSERT INTO DOCUMENTOCOMERCIAL VALUES('Factura','ff80818194b6b49c0194b6b607980002',2025,'2025-01-30',7,'',1,NULL,402.93,69.93,21,1,FALSE,FALSE)
DELETE FROM DOCUMENTOCOMERCIAL WHERE OID='ff80818194b6b49c0194b6b596590000'
INSERT INTO DOCUMENTOCOMERCIAL VALUES('Pedido','ff80818194b6b49c0194b6b596590000',2025,'2025-01-30',4,'',1,'ff80818194b6b49c0194b6b607980002',402.93,69.93,21,1,TRUE,FALSE)
DELETE FROM DOCUMENTOCOMERCIAL WHERE OID='ff80818194b6b49c0194b6b5d0ac0001'
INSERT INTO DOCUMENTOCOMERCIAL VALUES('Pedido','ff80818194b6b49c0194b6b5d0ac0001',2025,'2025-01-30',5,'',1,'ff80818194b6b49c0194b6b607980002',4432.23,769.23,21,1,TRUE,FALSE)
DELETE FROM DOCUMENTOCOMERCIAL WHERE OID='ff80818194b6b49c0194b6b607980002'
INSERT INTO DOCUMENTOCOMERCIAL VALUES('Factura','ff80818194b6b49c0194b6b607980002',2025,'2025-01-30',7,'',1,NULL,4835.16,839.16,21,1,FALSE,FALSE)
INSERT INTO DOCUMENTOCOMERCIAL_DETALLES VALUES('ff80818194b6b49c0194b6b607980002',333,11,1.00)
INSERT INTO DOCUMENTOCOMERCIAL_DETALLES VALUES('ff80818194b6b49c0194b6b607980002',333,45,11.00)
COMMIT
